<?xml version="1.0" encoding="UTF-8"?>
<testng-results ignored="0" total="3" passed="3" failed="0" skipped="0">
  <reporter-output>
  </reporter-output>
  <suite started-at="2023-08-29T22:50:23 PDT" name="Default suite" finished-at="2023-08-29T22:51:47 PDT" duration-ms="83375">
    <groups>
      <group name="cucumber">
        <method signature="AbstractTestNGCucumberTests.runScenario(io.cucumber.testng.PickleWrapper,io.cucumber.testng.FeatureWrapper)[pri:0, instance:testRunner.Runner@428640fa]" name="runScenario" class="io.cucumber.testng.AbstractTestNGCucumberTests"/>
      </group> <!-- cucumber -->
    </groups>
    <test started-at="2023-08-29T22:50:23 PDT" name="Default test" finished-at="2023-08-29T22:51:47 PDT" duration-ms="83375">
      <class name="testRunner.Runner">
        <test-method is-config="true" signature="setUpClass(org.testng.ITestContext)[pri:0, instance:testRunner.Runner@428640fa]" started-at="2023-08-29T22:50:23 PDT" name="setUpClass" finished-at="2023-08-29T22:50:27 PDT" duration-ms="3490" status="PASS">
          <params>
            <param index="0">
              <value>
                <![CDATA[org.testng.TestRunner@472d0f4]]>
              </value>
            </param>
          </params>
          <reporter-output>
          </reporter-output>
        </test-method> <!-- setUpClass -->
        <test-method signature="runScenario(io.cucumber.testng.PickleWrapper,io.cucumber.testng.FeatureWrapper)[pri:0, instance:testRunner.Runner@428640fa]" started-at="2023-08-29T22:50:27 PDT" name="runScenario" description="Runs Cucumber Scenarios" data-provider="scenarios" finished-at="2023-08-29T22:50:44 PDT" duration-ms="17488" status="PASS">
          <params>
            <param index="0">
              <value>
                <![CDATA["ever note valid user login scenario"]]>
              </value>
            </param>
            <param index="1">
              <value>
                <![CDATA["Product features"]]>
              </value>
            </param>
          </params>
          <reporter-output>
          </reporter-output>
        </test-method> <!-- runScenario -->
        <test-method signature="runScenario(io.cucumber.testng.PickleWrapper,io.cucumber.testng.FeatureWrapper)[pri:0, instance:testRunner.Runner@428640fa]" started-at="2023-08-29T22:50:44 PDT" name="runScenario" description="Runs Cucumber Scenarios" data-provider="scenarios" finished-at="2023-08-29T22:51:16 PDT" duration-ms="31420" status="PASS">
          <params>
            <param index="0">
              <value>
                <![CDATA["creating a new note in ever note"]]>
              </value>
            </param>
            <param index="1">
              <value>
                <![CDATA["Product features"]]>
              </value>
            </param>
          </params>
          <reporter-output>
          </reporter-output>
        </test-method> <!-- runScenario -->
        <test-method signature="runScenario(io.cucumber.testng.PickleWrapper,io.cucumber.testng.FeatureWrapper)[pri:0, instance:testRunner.Runner@428640fa]" started-at="2023-08-29T22:51:16 PDT" name="runScenario" description="Runs Cucumber Scenarios" data-provider="scenarios" finished-at="2023-08-29T22:51:46 PDT" duration-ms="30566" status="PASS">
          <params>
            <param index="0">
              <value>
                <![CDATA["opening previously created note"]]>
              </value>
            </param>
            <param index="1">
              <value>
                <![CDATA["Product features"]]>
              </value>
            </param>
          </params>
          <reporter-output>
          </reporter-output>
        </test-method> <!-- runScenario -->
        <test-method is-config="true" signature="tearDownClass()[pri:0, instance:testRunner.Runner@428640fa]" started-at="2023-08-29T22:51:46 PDT" name="tearDownClass" finished-at="2023-08-29T22:51:47 PDT" duration-ms="342" status="PASS">
          <reporter-output>
          </reporter-output>
        </test-method> <!-- tearDownClass -->
      </class> <!-- testRunner.Runner -->
    </test> <!-- Default test -->
  </suite> <!-- Default suite -->
</testng-results>
